<?xml version="1.0" encoding="UTF-8"?>
<!-- Generated by org.testng.reporters.JUnitReportReporter -->
<testsuite ignored="1" hostname="ip-10-0-0-44.ec2.internal" failures="0" tests="2" name="com.netflix.MySampleYamlTest" time="3.306" errors="0" timestamp="20 Sep 2023 09:29:08 GMT" skipped="0">
  <testcase classname="com.netflix.MySampleYamlTest" name="testEntity" time="0.917"/>
  <testcase classname="com.netflix.MySampleYamlTest" name="testUsingTestFramework" time="2.389"/>
  <testcase classname="com.netflix.MySampleYamlTest" name="testViaCatalog">
    <skipped/>
  </testcase> <!-- testViaCatalog -->
</testsuite> <!-- com.netflix.MySampleYamlTest -->
