<?xml version="1.0" encoding="UTF-8"?>
<!-- Generated by org.testng.reporters.JUnitReportReporter -->
<testsuite ignored="1" hostname="ip-10-0-0-44.ec2.internal" failures="0" tests="1" name="com.netflix.MySampleTest" time="0.178" errors="0" timestamp="20 Sep 2023 09:29:08 GMT" skipped="0">
  <testcase classname="com.netflix.MySampleTest" name="testEntity" time="0.178"/>
  <testcase classname="com.netflix.MySampleYamlTest" name="testViaCatalog">
    <skipped/>
  </testcase> <!-- testViaCatalog -->
</testsuite> <!-- com.netflix.MySampleTest -->
